[  8%] [32mBuilding CXX object CMakeFiles/turtle_tf2_listener_debug.dir/src/turtle_tf2_listener_debug.cpp.o[0m
[ 58%] Built target fixed_frame_tf2_broadcaster
[ 58%] Built target turtle_tf2_listener
[ 58%] Built target dynamic_frame_tf2_broadcaster
[ 75%] Built target turtle_tf2_broadcaster
[ 91%] Built target static_turtle_tf2_broadcaster
[01m[K/home/ph/third_ws/src/learning_tf2_cpp/src/turtle_tf2_listener_debug.cpp:[m[K In member function â€˜[01m[Kvoid FrameListener::on_timer()[m[Kâ€™:
[01m[K/home/ph/third_ws/src/learning_tf2_cpp/src/turtle_tf2_listener_debug.cpp:79:32:[m[K [01;31m[Kerror: [m[Kno match for call to â€˜[01m[K(const TimePoint {aka const std::chrono::time_point<std::chrono::_V2::system_clock, std::chrono::duration<long int, std::ratio<1, 1000000000> > >}) ()[m[Kâ€™
   79 |              [01;31m[Ktf2::TimePointZero()[m[K);
      |              [01;31m[K~~~~~~~~~~~~~~~~~~^~[m[K
gmake[2]: *** [CMakeFiles/turtle_tf2_listener_debug.dir/build.make:76: CMakeFiles/turtle_tf2_listener_debug.dir/src/turtle_tf2_listener_debug.cpp.o] Error 1
gmake[1]: *** [CMakeFiles/Makefile2:225: CMakeFiles/turtle_tf2_listener_debug.dir/all] Error 2
gmake: *** [Makefile:146: all] Error 2
