[0.014s] Invoking command in '/home/ph/ros2_firstw/build/firstpkg': /usr/bin/cmake --build /home/ph/ros2_firstw/build/firstpkg -- -j8 -l8
[0.044s] -- Found ament_cmake: 1.3.12 (/opt/ros/humble/share/ament_cmake/cmake)
[0.258s] Traceback (most recent call last):
[0.258s]   File "/opt/ros/humble/share/ament_cmake_core/cmake/package_templates/templates_2_cmake.py", line 21, in <module>
[0.258s]     from ament_package.templates import get_environment_hook_template_path
[0.258s] ModuleNotFoundError: No module named 'ament_package'
[0.278s] [31mCMake Error at /opt/ros/humble/share/ament_cmake_core/cmake/ament_cmake_package_templates-extras.cmake:41 (message):
[0.279s]   execute_process(/usr/bin/python3
[0.279s]   /opt/ros/humble/share/ament_cmake_core/cmake/package_templates/templates_2_cmake.py
[0.279s]   /home/ph/ros2_firstw/build/firstpkg/ament_cmake_package_templates/templates.cmake)
[0.279s]   returned error code 1
[0.279s] Call Stack (most recent call first):
[0.279s]   /opt/ros/humble/share/ament_cmake_core/cmake/ament_cmake_coreConfig.cmake:41 (include)
[0.279s]   /opt/ros/humble/share/ament_cmake/cmake/ament_cmake_export_dependencies-extras.cmake:15 (find_package)
[0.279s]   /opt/ros/humble/share/ament_cmake/cmake/ament_cmakeConfig.cmake:41 (include)
[0.280s]   CMakeLists.txt:9 (find_package)
[0.280s] 
[0.280s] [0m
[0.280s] -- Configuring incomplete, errors occurred!
[0.280s] See also "/home/ph/ros2_firstw/build/firstpkg/CMakeFiles/CMakeOutput.log".
[0.284s] gmake: *** [Makefile:267: cmake_check_build_system] Error 1
[0.288s] Invoked command in '/home/ph/ros2_firstw/build/firstpkg' returned '2': /usr/bin/cmake --build /home/ph/ros2_firstw/build/firstpkg -- -j8 -l8
