[35m[1mConsolidate compiler generated dependencies of target minimal_param_node[0m
[ 50%] [32mBuilding CXX object CMakeFiles/minimal_param_node.dir/src/cpp_parameters_node.cpp.o[0m
[01m[K/home/ph/ros2_firstw/src/cpp_parameters/src/cpp_parameters_node.cpp:19:10:[m[K [01;31m[Kerror: [m[Kâ€˜[01m[KMinimalParam::MinimalParam[m[Kâ€™ has the same name as the class in which it is declared
   19 |   }class [01;31m[KMinimalParam[m[K : public rclcpp::Node
      |          [01;31m[K^~~~~~~~~~~~[m[K
[01m[K/home/ph/ros2_firstw/src/cpp_parameters/src/cpp_parameters_node.cpp:55:2:[m[K [01;31m[Kerror: [m[Kexpected â€˜[01m[K}[m[Kâ€™ at end of input
   55 | }
      |  [01;31m[K^[m[K
[01m[K/home/ph/ros2_firstw/src/cpp_parameters/src/cpp_parameters_node.cpp:10:1:[m[K [01;36m[Knote: [m[Kto match this â€˜[01m[K{[m[Kâ€™
   10 | [01;36m[K{[m[K
      | [01;36m[K^[m[K
[01m[K/home/ph/ros2_firstw/src/cpp_parameters/src/cpp_parameters_node.cpp:[m[K In constructor â€˜[01m[KMinimalParam::MinimalParam()[m[Kâ€™:
[01m[K/home/ph/ros2_firstw/src/cpp_parameters/src/cpp_parameters_node.cpp:17:5:[m[K [01;31m[Kerror: [m[Kâ€˜[01m[Ktimer_[m[Kâ€™ was not declared in this scope; did you mean â€˜[01m[Ktimer_t[m[Kâ€™?
   17 |     [01;31m[Ktimer_[m[K = this->create_wall_timer(
      |     [01;31m[K^~~~~~[m[K
      |     [32m[Ktimer_t[m[K
[01m[K/home/ph/ros2_firstw/src/cpp_parameters/src/cpp_parameters_node.cpp:18:40:[m[K [01;31m[Kerror: [m[Kâ€˜[01m[Ktimer_callback[m[Kâ€™ is not a member of â€˜[01m[KMinimalParam[m[Kâ€™
   18 | (&MinimalParam::[01;31m[Ktimer_callback[m[K, this));
      |                 [01;31m[K^~~~~~~~~~~~~~[m[K

[01m[K/home/ph/ros2_firstw/src/cpp_parameters/src/cpp_parameters_node.cpp:[m[K At global scope:
[01m[K/home/ph/ros2_firstw/src/cpp_parameters/src/cpp_parameters_node.cpp:55:2:[m[K [01;31m[Kerror: [m[Kexpected unqualified-id at end of input
   55 | }
      |  [01;31m[K^[m[K
gmake[2]: *** [CMakeFiles/minimal_param_node.dir/build.make:76: CMakeFiles/minimal_param_node.dir/src/cpp_parameters_node.cpp.o] Error 1
gmake[1]: *** [CMakeFiles/Makefile2:137: CMakeFiles/minimal_param_node.dir/all] Error 2
gmake: *** [Makefile:146: all] Error 2
