[35m[1mConsolidate compiler generated dependencies of target simple_node[0m
[ 50%] [32mBuilding CXX object CMakeFiles/simple_node.dir/src/nnnode.cpp.o[0m
In file included from [01m[K/opt/ros/humble/include/rclcpp/rclcpp/client.hpp:40[m[K,
                 from [01m[K/opt/ros/humble/include/rclcpp/rclcpp/callback_group.hpp:24[m[K,
                 from [01m[K/opt/ros/humble/include/rclcpp/rclcpp/any_executable.hpp:20[m[K,
                 from [01m[K/opt/ros/humble/include/rclcpp/rclcpp/memory_strategy.hpp:25[m[K,
                 from [01m[K/opt/ros/humble/include/rclcpp/rclcpp/memory_strategies.hpp:18[m[K,
                 from [01m[K/opt/ros/humble/include/rclcpp/rclcpp/executor_options.hpp:20[m[K,
                 from [01m[K/opt/ros/humble/include/rclcpp/rclcpp/executor.hpp:37[m[K,
                 from [01m[K/opt/ros/humble/include/rclcpp/rclcpp/executors/multi_threaded_executor.hpp:25[m[K,
                 from [01m[K/opt/ros/humble/include/rclcpp/rclcpp/executors.hpp:21[m[K,
                 from [01m[K/opt/ros/humble/include/rclcpp/rclcpp/rclcpp.hpp:155[m[K,
                 from [01m[K/home/ph/ros2_firstw/src/nnnode/src/nnnode.cpp:2[m[K:
[01m[K/home/ph/ros2_firstw/src/nnnode/src/nnnode.cpp:[m[K In function â€˜[01m[Kvoid node_info(std::shared_ptr<rclcpp::node_interfaces::NodeBaseInterface>, std::shared_ptr<rclcpp::node_interfaces::NodeLoggingInterface>)[m[Kâ€™:
[01m[K/home/ph/ros2_firstw/src/nnnode/src/nnnode.cpp:7:15:[m[K [01;31m[Kerror: [m[Kâ€˜[01m[Knode[m[Kâ€™ was not declared in this scope
    7 |   RCLCPP_INFO([01;31m[Knode[m[K->get_logger(), "Node name: %s", node->get_name());
      |               [01;31m[K^~~~[m[K
[01m[K/home/ph/ros2_firstw/src/nnnode/src/nnnode.cpp:7:3:[m[K [01;31m[Kerror: [m[Ktemplate argument 1 is invalid
    7 |   [01;31m[KRCLCPP_INFO[m[K(node->get_logger(), "Node name: %s", node->get_name());
      |   [01;31m[K^~~~~~~~~~~[m[K
[01m[K/home/ph/ros2_firstw/src/nnnode/src/nnnode.cpp:4:76:[m[K [01;35m[Kwarning: [m[Kunused parameter â€˜[01m[Kbase_interface[m[Kâ€™ [[01;35m[K]8;;https://gcc.gnu.org/onlinedocs/gcc/Warning-Options.html#index-Wunused-parameter-Wunused-parameter]8;;[m[K]
    4 | [01;35m[Kces::NodeBaseInterface> base_interface[m[K,
      | [01;35m[K~~~~~~~~~~~~~~~~~~~~~~~~^~~~~~~~~~~~~~[m[K

[01m[K/home/ph/ros2_firstw/src/nnnode/src/nnnode.cpp:5:79:[m[K [01;35m[Kwarning: [m[Kunused parameter â€˜[01m[Klogging_interface[m[Kâ€™ [[01;35m[K]8;;https://gcc.gnu.org/onlinedocs/gcc/Warning-Options.html#index-Wunused-parameter-Wunused-parameter]8;;[m[K]
    5 | [01;35m[K::NodeLoggingInterface> logging_interface[m[K)
      | [01;35m[K~~~~~~~~~~~~~~~~~~~~~~~~^~~~~~~~~~~~~~~~~[m[K

[01m[K/home/ph/ros2_firstw/src/nnnode/src/nnnode.cpp:[m[K At global scope:
[01m[K/home/ph/ros2_firstw/src/nnnode/src/nnnode.cpp:19:32:[m[K [01;31m[Kerror: [m[Kâ€˜[01m[Krclcpp_lifecycle[m[Kâ€™ has not been declared
   19 | ifecycleTalker : public [01;31m[Krclcpp_lifecycle[m[K::LifecycleNode
      |                         [01;31m[K^~~~~~~~~~~~~~~~[m[K

[01m[K/home/ph/ros2_firstw/src/nnnode/src/nnnode.cpp:19:50:[m[K [01;31m[Kerror: [m[Kexpected â€˜[01m[K{[m[Kâ€™ before â€˜[01m[KLifecycleNode[m[Kâ€™
   19 | ublic rclcpp_lifecycle::[01;31m[KLifecycleNode[m[K
      |                         [01;31m[K^~~~~~~~~~~~~[m[K

[01m[K/home/ph/ros2_firstw/src/nnnode/src/nnnode.cpp:21:1:[m[K [01;31m[Kerror: [m[Kexpected primary-expression before â€˜[01m[Kpublic[m[Kâ€™
   21 | [01;31m[Kpublic[m[K:
      | [01;31m[K^~~~~~[m[K
[01m[K/home/ph/ros2_firstw/src/nnnode/src/nnnode.cpp:21:1:[m[K [01;31m[Kerror: [m[Kexpected â€˜[01m[K}[m[Kâ€™ before â€˜[01m[Kpublic[m[Kâ€™
[01m[K/home/ph/ros2_firstw/src/nnnode/src/nnnode.cpp:20:1:[m[K [01;36m[Knote: [m[Kto match this â€˜[01m[K{[m[Kâ€™
   20 | [01;36m[K{[m[K
      | [01;36m[K^[m[K
[01m[K/home/ph/ros2_firstw/src/nnnode/src/nnnode.cpp:26:1:[m[K [01;31m[Kerror: [m[Kexpected declaration before â€˜[01m[K}[m[Kâ€™ token
   26 | [01;31m[K}[m[K
      | [01;31m[K^[m[K
[01m[K/home/ph/ros2_firstw/src/nnnode/src/nnnode.cpp:[m[K In function â€˜[01m[Kint main(int, char**)[m[Kâ€™:
[01m[K/home/ph/ros2_firstw/src/nnnode/src/nnnode.cpp:33:13:[m[K [01;31m[Kerror: [m[Kcould not convert â€˜[01m[Knode[m[Kâ€™ from â€˜[01m[Kshared_ptr<[01;32m[KSimpleNode[m[K>[m[Kâ€™ to â€˜[01m[Kshared_ptr<[01;32m[Krclcpp::node_interfaces::NodeBaseInterface[m[K>[m[Kâ€™
   33 |   node_info([01;31m[Knode[m[K);  // passare il shared_ptr, non *node
      |             [01;31m[K^~~~[m[K
      |             [01;31m[K|[m[K
      |             [01;31m[Kshared_ptr<SimpleNode>[m[K
gmake[2]: *** [CMakeFiles/simple_node.dir/build.make:76: CMakeFiles/simple_node.dir/src/nnnode.cpp.o] Error 1
gmake[1]: *** [CMakeFiles/Makefile2:137: CMakeFiles/simple_node.dir/all] Error 2
gmake: *** [Makefile:146: all] Error 2
