[0.017s] Invoking command in '/home/ph/ros2_firstw/build/cpp_parameters': CMAKE_PREFIX_PATH=${CMAKE_PREFIX_PATH}:/opt/ros/humble /usr/bin/cmake /home/ph/ros2_firstw/src/cpp_parameters -DCMAKE_INSTALL_PREFIX=/home/ph/ros2_firstw/install/cpp_parameters
[0.045s] -- Found ament_cmake: 1.3.12 (/opt/ros/humble/share/ament_cmake/cmake)
[0.224s] -- Found rclcpp: 16.0.15 (/opt/ros/humble/share/rclcpp/cmake)
[0.265s] -- Found rosidl_generator_c: 3.1.7 (/opt/ros/humble/share/rosidl_generator_c/cmake)
[0.267s] -- Found rosidl_adapter: 3.1.7 (/opt/ros/humble/share/rosidl_adapter/cmake)
[0.274s] -- Found rosidl_generator_cpp: 3.1.7 (/opt/ros/humble/share/rosidl_generator_cpp/cmake)
[0.286s] -- Using all available rosidl_typesupport_c: rosidl_typesupport_fastrtps_c;rosidl_typesupport_introspection_c
[0.300s] -- Using all available rosidl_typesupport_cpp: rosidl_typesupport_fastrtps_cpp;rosidl_typesupport_introspection_cpp
[0.338s] -- Found rmw_implementation_cmake: 6.1.2 (/opt/ros/humble/share/rmw_implementation_cmake/cmake)
[0.340s] -- Found rmw_fastrtps_cpp: 6.2.9 (/opt/ros/humble/share/rmw_fastrtps_cpp/cmake)
[0.476s] -- Using RMW implementation 'rmw_fastrtps_cpp' as default
[0.532s] -- Found ament_lint_auto: 0.12.14 (/opt/ros/humble/share/ament_lint_auto/cmake)
[0.626s] -- Added test 'cppcheck' to perform static code analysis on C / C++ code
[0.626s] -- Configured cppcheck include dirs: 
[0.627s] -- Configured cppcheck exclude dirs and/or files: 
[0.627s] -- Added test 'lint_cmake' to check CMake code style
[0.628s] -- Added test 'uncrustify' to check C / C++ code style
[0.628s] -- Configured uncrustify additional arguments: 
[0.629s] -- Added test 'xmllint' to check XML markup files
[0.630s] -- Configuring done
[0.640s] -- Generating done
[0.644s] -- Build files have been written to: /home/ph/ros2_firstw/build/cpp_parameters
[0.653s] Invoked command in '/home/ph/ros2_firstw/build/cpp_parameters' returned '0': CMAKE_PREFIX_PATH=${CMAKE_PREFIX_PATH}:/opt/ros/humble /usr/bin/cmake /home/ph/ros2_firstw/src/cpp_parameters -DCMAKE_INSTALL_PREFIX=/home/ph/ros2_firstw/install/cpp_parameters
[0.657s] Invoking command in '/home/ph/ros2_firstw/build/cpp_parameters': CMAKE_PREFIX_PATH=${CMAKE_PREFIX_PATH}:/opt/ros/humble /usr/bin/cmake --build /home/ph/ros2_firstw/build/cpp_parameters -- -j8 -l8
[0.749s] [ 50%] [32mBuilding CXX object CMakeFiles/minimal_param_node.dir/src/cpp_parameters_node.cpp.o[0m
[3.377s] [01m[K/home/ph/ros2_firstw/src/cpp_parameters/src/cpp_parameters_node.cpp:44:7:[m[K [01;31m[Kerror: [m[Kredefinition of â€˜[01m[Kclass MinimalParam[m[Kâ€™
[3.377s]    44 | class [01;31m[KMinimalParam[m[K : public rclcpp::Node
[3.378s]       |       [01;31m[K^~~~~~~~~~~~[m[K
[3.378s] [01m[K/home/ph/ros2_firstw/src/cpp_parameters/src/cpp_parameters_node.cpp:9:7:[m[K [01;36m[Knote: [m[Kprevious definition of â€˜[01m[Kclass MinimalParam[m[Kâ€™
[3.378s]     9 | class [01;36m[KMinimalParam[m[K : public rclcpp::Node
[3.378s]       |       [01;36m[K^~~~~~~~~~~~[m[K
[3.378s] [01m[K/home/ph/ros2_firstw/src/cpp_parameters/src/cpp_parameters_node.cpp:57:4:[m[K [01;31m[Kerror: [m[Kexpected unqualified-id at end of input
[3.379s]    57 |   }
[3.379s]       |    [01;31m[K^[m[K
[3.938s] gmake[2]: *** [CMakeFiles/minimal_param_node.dir/build.make:76: CMakeFiles/minimal_param_node.dir/src/cpp_parameters_node.cpp.o] Error 1
[3.938s] gmake[1]: *** [CMakeFiles/Makefile2:137: CMakeFiles/minimal_param_node.dir/all] Error 2
[3.939s] gmake: *** [Makefile:146: all] Error 2
[3.945s] Invoked command in '/home/ph/ros2_firstw/build/cpp_parameters' returned '2': CMAKE_PREFIX_PATH=${CMAKE_PREFIX_PATH}:/opt/ros/humble /usr/bin/cmake --build /home/ph/ros2_firstw/build/cpp_parameters -- -j8 -l8
