[0.018s] Invoking command in '/home/ph/ros2_firstw/build/cpp_parameter_event_handler': CMAKE_PREFIX_PATH=${CMAKE_PREFIX_PATH}:/opt/ros/humble /usr/bin/cmake --build /home/ph/ros2_firstw/build/cpp_parameter_event_handler -- -j8 -l8
[0.100s] [35m[1mConsolidate compiler generated dependencies of target parameter_event_handler[0m
[0.125s] [ 50%] [32mBuilding CXX object CMakeFiles/parameter_event_handler.dir/src/parameter_event_handler.cpp.o[0m
[2.757s] [01m[K/home/ph/ros2_firstw/src/cpp_parameter_event_handler/src/parameter_event_handler.cpp:44:1:[m[K [01;31m[Kerror: [m[Knon-static data member declared with placeholder â€˜[01m[Kauto[m[Kâ€™
[2.757s]    44 | [01;31m[Kauto[m[K event_cb = [this](const rcl_interfaces::msg::ParameterEvent & parameter_event) {
[2.757s]       | [01;31m[K^~~~[m[K
[2.760s] [01m[K/home/ph/ros2_firstw/src/cpp_parameter_event_handler/src/parameter_event_handler.cpp:56:5:[m[K [01;31m[Kerror: [m[Kâ€˜[01m[Kevent_cb_handle_[m[Kâ€™ does not name a type
[2.760s]    56 |     [01;31m[Kevent_cb_handle_[m[K = param_subscriber_->add_parameter_event_callback(event_cb);
[2.760s]       |     [01;31m[K^~~~~~~~~~~~~~~~[m[K
[5.542s] gmake[2]: *** [CMakeFiles/parameter_event_handler.dir/build.make:76: CMakeFiles/parameter_event_handler.dir/src/parameter_event_handler.cpp.o] Error 1
[5.542s] gmake[1]: *** [CMakeFiles/Makefile2:137: CMakeFiles/parameter_event_handler.dir/all] Error 2
[5.543s] gmake: *** [Makefile:146: all] Error 2
[5.547s] Invoked command in '/home/ph/ros2_firstw/build/cpp_parameter_event_handler' returned '2': CMAKE_PREFIX_PATH=${CMAKE_PREFIX_PATH}:/opt/ros/humble /usr/bin/cmake --build /home/ph/ros2_firstw/build/cpp_parameter_event_handler -- -j8 -l8
