[0.017s] Invoking command in '/home/ph/ros2_firstw/build/cpp_parameter_event_handler': CMAKE_PREFIX_PATH=${CMAKE_PREFIX_PATH}:/opt/ros/humble /usr/bin/cmake --build /home/ph/ros2_firstw/build/cpp_parameter_event_handler -- -j8 -l8
[0.096s] [35m[1mConsolidate compiler generated dependencies of target parameter_event_handler[0m
[0.124s] [ 50%] [32mBuilding CXX object CMakeFiles/parameter_event_handler.dir/src/parameter_event_handler.cpp.o[0m
[2.705s] [01m[K/home/ph/ros2_firstw/src/cpp_parameter_event_handler/src/parameter_event_handler.cpp:[m[K In constructor â€˜[01m[KSampleNodeWithParameters::SampleNodeWithParameters()[m[Kâ€™:
[2.705s] [01m[K/home/ph/ros2_firstw/src/cpp_parameter_event_handler/src/parameter_event_handler.cpp:53:88:[m[K [01;31m[Kerror: [m[Kcannot convert â€˜[01m[KSampleNodeWithParameters::SampleNodeWithParameters()::<lambda(const ParameterEvent&)>[m[Kâ€™ to â€˜[01m[Krclcpp::ParameterEventHandler::ParameterCallbackType[m[Kâ€™ {aka â€˜[01m[Kstd::function<void(const rclcpp::Parameter&)>[m[Kâ€™}
[2.705s]    53 | eter_callback("another_double_param", [01;31m[Kevent_cb[m[K);
[2.705s]       |                                       [01;31m[K^~~~~~~~[m[K
[2.706s]       |                                       [01;31m[K|[m[K
[2.706s]       |                                       [01;31m[KSampleNodeWithParameters::SampleNodeWithParameters()::<lambda(const ParameterEvent&)>[m[K
[2.706s] 
[2.706s] In file included from [01m[K/opt/ros/humble/include/rclcpp/rclcpp/rclcpp.hpp:160[m[K,
[2.706s]                  from [01m[K/home/ph/ros2_firstw/src/cpp_parameter_event_handler/src/parameter_event_handler.cpp:3[m[K:
[2.706s] [01m[K/opt/ros/humble/include/rclcpp/rclcpp/parameter_event_handler.hpp:224:27:[m[K [01;36m[Knote: [m[K  initializing argument 2 of â€˜[01m[Krclcpp::ParameterCallbackHandle::SharedPtr rclcpp::ParameterEventHandler::add_parameter_callback(const string&, rclcpp::ParameterEventHandler::ParameterCallbackType, const string&)[m[Kâ€™
[2.707s]   224 |     [01;36m[KParameterCallbackType callback[m[K,
[2.707s]       |     [01;36m[K~~~~~~~~~~~~~~~~~~~~~~^~~~~~~~[m[K
[5.424s] gmake[2]: *** [CMakeFiles/parameter_event_handler.dir/build.make:76: CMakeFiles/parameter_event_handler.dir/src/parameter_event_handler.cpp.o] Error 1
[5.424s] gmake[1]: *** [CMakeFiles/Makefile2:137: CMakeFiles/parameter_event_handler.dir/all] Error 2
[5.425s] gmake: *** [Makefile:146: all] Error 2
[5.428s] Invoked command in '/home/ph/ros2_firstw/build/cpp_parameter_event_handler' returned '2': CMAKE_PREFIX_PATH=${CMAKE_PREFIX_PATH}:/opt/ros/humble /usr/bin/cmake --build /home/ph/ros2_firstw/build/cpp_parameter_event_handler -- -j8 -l8
