[01m[K/home/ph/ros2_firstw/src/cpp_pubsub/src/subscriber_member_function.cpp:19:10:[m[K [01;31m[Kfatal error: [m[Kstd_msgs/msg/num.hpp: No such file or directory
   19 | #include [01;31m[K"std_msgs/msg/num.hpp"[m[K
      |          [01;31m[K^~~~~~~~~~~~~~~~~~~~~~[m[K
compilation terminated.
[01m[K/home/ph/ros2_firstw/src/cpp_pubsub/src/publisher_member_function.cpp:58:2:[m[K [01;31m[Kerror: [m[Kunterminated argument list invoking macro "RCLCPP_INFO"
   58 | }
      |  [01;31m[K^[m[K
gmake[2]: *** [CMakeFiles/listener.dir/build.make:76: CMakeFiles/listener.dir/src/subscriber_member_function.cpp.o] Error 1
gmake[1]: *** [CMakeFiles/Makefile2:165: CMakeFiles/listener.dir/all] Error 2
gmake[1]: *** Waiting for unfinished jobs....
[01m[K/home/ph/ros2_firstw/src/cpp_pubsub/src/publisher_member_function.cpp:44:16:[m[K [01;31m[Kerror: [m[Kexpected â€˜[01m[K}[m[Kâ€™ at end of input
   44 |     RCLCPP_INFO[01;31m[K([m[Kthis->get_logger(), "Publishing: '%s'"<< message.num<<"'";
      |                [01;31m[K^[m[K
[01m[K/home/ph/ros2_firstw/src/cpp_pubsub/src/publisher_member_function.cpp:29:1:[m[K [01;36m[Knote: [m[Kto match this â€˜[01m[K{[m[Kâ€™
   29 | [01;36m[K{[m[K
      | [01;36m[K^[m[K
[01m[K/home/ph/ros2_firstw/src/cpp_pubsub/src/publisher_member_function.cpp:[m[K In constructor â€˜[01m[KMinimalPublisher::MinimalPublisher()[m[Kâ€™:
[01m[K/home/ph/ros2_firstw/src/cpp_pubsub/src/publisher_member_function.cpp:32:32:[m[K [01;31m[Kerror: [m[Kclass â€˜[01m[KMinimalPublisher[m[Kâ€™ does not have any field named â€˜[01m[Kcount_[m[Kâ€™
   32 |   : Node("minimal_publisher"), [01;31m[Kcount_[m[K(0)
      |                                [01;31m[K^~~~~~[m[K
[01m[K/home/ph/ros2_firstw/src/cpp_pubsub/src/publisher_member_function.cpp:34:5:[m[K [01;31m[Kerror: [m[Kâ€˜[01m[Kpublisher_[m[Kâ€™ was not declared in this scope; did you mean â€˜[01m[Krmw_publisher_t[m[Kâ€™?
   34 |     [01;31m[Kpublisher_[m[K = this->create_publisher<std_msgs::msg::Num>("topic", 10);
      |     [01;31m[K^~~~~~~~~~[m[K
      |     [32m[Krmw_publisher_t[m[K
[01m[K/home/ph/ros2_firstw/src/cpp_pubsub/src/publisher_member_function.cpp:34:56:[m[K [01;31m[Kerror: [m[Kâ€˜[01m[KNum[m[Kâ€™ is not a member of â€˜[01m[Kstd_msgs::msg[m[Kâ€™
   34 | ->create_publisher<std_msgs::msg::[01;31m[KNum[m[K>("topic", 10);
      |                                   [01;31m[K^~~[m[K

[01m[K/home/ph/ros2_firstw/src/cpp_pubsub/src/publisher_member_function.cpp:34:60:[m[K [01;31m[Kerror: [m[Kno matching function for call to â€˜[01m[KMinimalPublisher::create_publisher<<expression error> >(const char [6], int)[m[Kâ€™
   34 | [01;31m[Keate_publisher<std_msgs::msg::Num>("topic", 10)[m[K;
      | [01;31m[K~~~~~~~~~~~~~~~~~~~~~~~~~~~~~~~~~~^~~~~~~~~~~~~[m[K

In file included from [01m[K/opt/ros/humble/include/rclcpp/rclcpp/executors/single_threaded_executor.hpp:28[m[K,
                 from [01m[K/opt/ros/humble/include/rclcpp/rclcpp/executors.hpp:22[m[K,
                 from [01m[K/opt/ros/humble/include/rclcpp/rclcpp/rclcpp.hpp:155[m[K,
                 from [01m[K/home/ph/ros2_firstw/src/cpp_pubsub/src/publisher_member_function.cpp:20[m[K:
[01m[K/opt/ros/humble/include/rclcpp/rclcpp/node.hpp:195:3:[m[K [01;36m[Knote: [m[Kcandidate: â€˜[01m[Ktemplate<class MessageT, class AllocatorT, class PublisherT> std::shared_ptr<PublisherT> rclcpp::Node::create_publisher(const string&, const rclcpp::QoS&, const rclcpp::PublisherOptionsWithAllocator<AllocatorT>&)[m[Kâ€™
  195 |   [01;36m[Kcreate_publisher[m[K(
      |   [01;36m[K^~~~~~~~~~~~~~~~[m[K
[01m[K/opt/ros/humble/include/rclcpp/rclcpp/node.hpp:195:3:[m[K [01;36m[Knote: [m[K  template argument deduction/substitution failed:
[01m[K/home/ph/ros2_firstw/src/cpp_pubsub/src/publisher_member_function.cpp:34:60:[m[K [01;31m[Kerror: [m[Ktemplate argument 1 is invalid
   34 | [01;31m[Keate_publisher<std_msgs::msg::Num>("topic", 10)[m[K;
      | [01;31m[K~~~~~~~~~~~~~~~~~~~~~~~~~~~~~~~~~~^~~~~~~~~~~~~[m[K

[01m[K/home/ph/ros2_firstw/src/cpp_pubsub/src/publisher_member_function.cpp:35:5:[m[K [01;31m[Kerror: [m[Kâ€˜[01m[Ktimer_[m[Kâ€™ was not declared in this scope; did you mean â€˜[01m[Ktimer_t[m[Kâ€™?
   35 |     [01;31m[Ktimer_[m[K = this->create_wall_timer(
      |     [01;31m[K^~~~~~[m[K
      |     [32m[Ktimer_t[m[K
[01m[K/home/ph/ros2_firstw/src/cpp_pubsub/src/publisher_member_function.cpp:[m[K In member function â€˜[01m[Kvoid MinimalPublisher::timer_callback()[m[Kâ€™:
[01m[K/home/ph/ros2_firstw/src/cpp_pubsub/src/publisher_member_function.cpp:42:35:[m[K [01;31m[Kerror: [m[Kâ€˜[01m[Knum[m[Kâ€™ is not a member of â€˜[01m[Kstd_msgs::msg[m[Kâ€™
   42 |     auto message = std_msgs::msg::[01;31m[Knum[m[K();
      |                                   [01;31m[K^~~[m[K
[01m[K/home/ph/ros2_firstw/src/cpp_pubsub/src/publisher_member_function.cpp:43:25:[m[K [01;31m[Kerror: [m[Kâ€˜[01m[Kclass MinimalPublisher[m[Kâ€™ has no member named â€˜[01m[Kcount_[m[Kâ€™
   43 |     message.Num = this->[01;31m[Kcount_[m[K++;
      |                         [01;31m[K^~~~~~[m[K
[01m[K/home/ph/ros2_firstw/src/cpp_pubsub/src/publisher_member_function.cpp:44:5:[m[K [01;31m[Kerror: [m[Kâ€˜[01m[KRCLCPP_INFO[m[Kâ€™ was not declared in this scope
   44 |     [01;31m[KRCLCPP_INFO[m[K(this->get_logger(), "Publishing: '%s'"<< message.num<<"'";
      |     [01;31m[K^~~~~~~~~~~[m[K
[01m[K/home/ph/ros2_firstw/src/cpp_pubsub/src/publisher_member_function.cpp:44:16:[m[K [01;31m[Kerror: [m[Kexpected â€˜[01m[K}[m[Kâ€™ at end of input
   44 |     RCLCPP_INFO[01;31m[K([m[Kthis->get_logger(), "Publishing: '%s'"<< message.num<<"'";
      |                [01;31m[K^[m[K
[01m[K/home/ph/ros2_firstw/src/cpp_pubsub/src/publisher_member_function.cpp:41:3:[m[K [01;36m[Knote: [m[Kto match this â€˜[01m[K{[m[Kâ€™
   41 |   [01;36m[K{[m[K
      |   [01;36m[K^[m[K
[01m[K/home/ph/ros2_firstw/src/cpp_pubsub/src/publisher_member_function.cpp:[m[K At global scope:
[01m[K/home/ph/ros2_firstw/src/cpp_pubsub/src/publisher_member_function.cpp:44:16:[m[K [01;31m[Kerror: [m[Kexpected unqualified-id at end of input
   44 |     RCLCPP_INFO[01;31m[K([m[Kthis->get_logger(), "Publishing: '%s'"<< message.num<<"'";
      |                [01;31m[K^[m[K
gmake[2]: *** [CMakeFiles/talker.dir/build.make:76: CMakeFiles/talker.dir/src/publisher_member_function.cpp.o] Error 1
gmake[1]: *** [CMakeFiles/Makefile2:139: CMakeFiles/talker.dir/all] Error 2
gmake: *** [Makefile:146: all] Error 2
