[01m[K/home/ph/ros2_firstw/src/nnnode/src/nnnode.cpp:11:6:[m[K [01;31m[Kerror: [m[Kvariable or field â€˜[01m[Knode_info[m[Kâ€™ declared void
   11 | void [01;31m[Knode_info[m[K(MyNodeInterfaces interfaces)
      |      [01;31m[K^~~~~~~~~[m[K
[01m[K/home/ph/ros2_firstw/src/nnnode/src/nnnode.cpp:11:16:[m[K [01;31m[Kerror: [m[Kâ€˜[01m[KMyNodeInterfaces[m[Kâ€™ was not declared in this scope
   11 | void node_info([01;31m[KMyNodeInterfaces[m[K interfaces)
      |                [01;31m[K^~~~~~~~~~~~~~~~[m[K
[01m[K/home/ph/ros2_firstw/src/nnnode/src/nnnode.cpp:[m[K In function â€˜[01m[Kint main(int, char**)[m[Kâ€™:
[01m[K/home/ph/ros2_firstw/src/nnnode/src/nnnode.cpp:41:3:[m[K [01;31m[Kerror: [m[Kâ€˜[01m[Knode_info[m[Kâ€™ was not declared in this scope
   41 |   [01;31m[Knode_info[m[K(*node);
      |   [01;31m[K^~~~~~~~~[m[K
gmake[2]: *** [CMakeFiles/simple_node.dir/build.make:76: CMakeFiles/simple_node.dir/src/nnnode.cpp.o] Error 1
gmake[1]: *** [CMakeFiles/Makefile2:137: CMakeFiles/simple_node.dir/all] Error 2
gmake: *** [Makefile:146: all] Error 2
