[0.041s] Invoking command in '/home/ph/ros2_firstw/build/nnnode': CMAKE_PREFIX_PATH=${CMAKE_PREFIX_PATH}:/opt/ros/humble /usr/bin/cmake --build /home/ph/ros2_firstw/build/nnnode -- -j8 -l8
[0.186s] [35m[1mConsolidate compiler generated dependencies of target simple_node[0m
[0.349s] [ 50%] [32mBuilding CXX object CMakeFiles/simple_node.dir/src/nnnode.cpp.o[0m
[3.808s] [01m[K/home/ph/ros2_firstw/src/nnnode/src/nnnode.cpp:11:6:[m[K [01;31m[Kerror: [m[Kvariable or field â€˜[01m[Knode_info[m[Kâ€™ declared void
[3.808s]    11 | void [01;31m[Knode_info[m[K(MyNodeInterfaces interfaces)
[3.808s]       |      [01;31m[K^~~~~~~~~[m[K
[3.814s] [01m[K/home/ph/ros2_firstw/src/nnnode/src/nnnode.cpp:11:16:[m[K [01;31m[Kerror: [m[Kâ€˜[01m[KMyNodeInterfaces[m[Kâ€™ was not declared in this scope
[3.814s]    11 | void node_info([01;31m[KMyNodeInterfaces[m[K interfaces)
[3.814s]       |                [01;31m[K^~~~~~~~~~~~~~~~[m[K
[3.827s] [01m[K/home/ph/ros2_firstw/src/nnnode/src/nnnode.cpp:[m[K In function â€˜[01m[Kint main(int, char**)[m[Kâ€™:
[3.827s] [01m[K/home/ph/ros2_firstw/src/nnnode/src/nnnode.cpp:41:3:[m[K [01;31m[Kerror: [m[Kâ€˜[01m[Knode_info[m[Kâ€™ was not declared in this scope
[3.827s]    41 |   [01;31m[Knode_info[m[K(*node);
[3.827s]       |   [01;31m[K^~~~~~~~~[m[K
[4.381s] gmake[2]: *** [CMakeFiles/simple_node.dir/build.make:76: CMakeFiles/simple_node.dir/src/nnnode.cpp.o] Error 1
[4.382s] gmake[1]: *** [CMakeFiles/Makefile2:137: CMakeFiles/simple_node.dir/all] Error 2
[4.383s] gmake: *** [Makefile:146: all] Error 2
[4.389s] Invoked command in '/home/ph/ros2_firstw/build/nnnode' returned '2': CMAKE_PREFIX_PATH=${CMAKE_PREFIX_PATH}:/opt/ros/humble /usr/bin/cmake --build /home/ph/ros2_firstw/build/nnnode -- -j8 -l8
