[01m[K/home/ph/third_ws/src/learning_tf2_cpp/src/turtle_tf2_listener.cpp:[m[K In member function â€˜[01m[Kvoid FrameListener::on_timer()[m[Kâ€™:
[01m[K/home/ph/third_ws/src/learning_tf2_cpp/src/turtle_tf2_listener.cpp:76:13:[m[K [01;31m[Kerror: [m[Kinvalid use of non-static member function â€˜[01m[Krclcpp::Time rclcpp::Node::now() const[m[Kâ€™
   76 |             [01;31m[Know[m[K);
      |             [01;31m[K^~~[m[K
In file included from [01m[K/opt/ros/humble/include/rclcpp/rclcpp/executors/single_threaded_executor.hpp:28[m[K,
                 from [01m[K/opt/ros/humble/include/rclcpp/rclcpp/executors.hpp:22[m[K,
                 from [01m[K/opt/ros/humble/include/rclcpp/rclcpp/rclcpp.hpp:155[m[K,
                 from [01m[K/home/ph/third_ws/src/learning_tf2_cpp/src/turtle_tf2_listener.cpp:22[m[K:
[01m[K/opt/ros/humble/include/rclcpp/rclcpp/node.hpp:1126:3:[m[K [01;36m[Knote: [m[Kdeclared here
 1126 |   [01;36m[Know[m[K() const;
      |   [01;36m[K^~~[m[K
gmake[2]: *** [CMakeFiles/turtle_tf2_listener.dir/build.make:76: CMakeFiles/turtle_tf2_listener.dir/src/turtle_tf2_listener.cpp.o] Error 1
gmake[1]: *** [CMakeFiles/Makefile2:197: CMakeFiles/turtle_tf2_listener.dir/all] Error 2
gmake: *** [Makefile:146: all] Error 2
