[0.019s] Invoking command in '/home/ph/ros2_firstw/build/cpp_parameter_event_handler': CMAKE_PREFIX_PATH=${CMAKE_PREFIX_PATH}:/opt/ros/humble /usr/bin/cmake --build /home/ph/ros2_firstw/build/cpp_parameter_event_handler -- -j8 -l8
[0.084s] [35m[1mConsolidate compiler generated dependencies of target parameter_event_handler[0m
[0.119s] [ 50%] [32mBuilding CXX object CMakeFiles/parameter_event_handler.dir/src/parameter_event_handler.cpp.o[0m
[2.746s] [01m[K/home/ph/ros2_firstw/src/cpp_parameter_event_handler/src/parameter_event_handler.cpp:30:1:[m[K [01;31m[Kerror: [m[Knon-static data member declared with placeholder â€˜[01m[Kauto[m[Kâ€™
[2.746s]    30 | [01;31m[Kauto[m[K cb2 = [this](const rclcpp::Parameter & p) {
[2.746s]       | [01;31m[K^~~~[m[K
[2.747s] [01m[K/home/ph/ros2_firstw/src/cpp_parameter_event_handler/src/parameter_event_handler.cpp:37:1:[m[K [01;31m[Kerror: [m[Knon-static data member declared with placeholder â€˜[01m[Kauto[m[Kâ€™
[2.747s]    37 | [01;31m[Kauto[m[K remote_node_name = std::string("parameter_blackboard");
[2.747s]       | [01;31m[K^~~~[m[K
[2.747s] [01m[K/home/ph/ros2_firstw/src/cpp_parameter_event_handler/src/parameter_event_handler.cpp:38:1:[m[K [01;31m[Kerror: [m[Knon-static data member declared with placeholder â€˜[01m[Kauto[m[Kâ€™
[2.747s]    38 | [01;31m[Kauto[m[K remote_param_name = std::string("a_double_param");
[2.747s]       | [01;31m[K^~~~[m[K
[2.749s] [01m[K/home/ph/ros2_firstw/src/cpp_parameter_event_handler/src/parameter_event_handler.cpp:39:1:[m[K [01;31m[Kerror: [m[Kâ€˜[01m[Kcb_handle2_[m[Kâ€™ does not name a type
[2.749s]    39 | [01;31m[Kcb_handle2_[m[K = param_subscriber_->add_parameter_callback(remote_param_name, cb2, remote_node_name);
[2.749s]       | [01;31m[K^~~~~~~~~~~[m[K
[2.762s] [01m[K/home/ph/ros2_firstw/src/cpp_parameter_event_handler/src/parameter_event_handler.cpp:[m[K In constructor â€˜[01m[KSampleNodeWithParameters::SampleNodeWithParameters()[m[Kâ€™:
[2.762s] [01m[K/home/ph/ros2_firstw/src/cpp_parameter_event_handler/src/parameter_event_handler.cpp:15:5:[m[K [01;31m[Kerror: [m[Kâ€˜[01m[Kparam_subscriber_[m[Kâ€™ was not declared in this scope
[2.762s]    15 |     [01;31m[Kparam_subscriber_[m[K = std::make_shared<rclcpp::ParameterEventHandler>(this);
[2.762s]       |     [01;31m[K^~~~~~~~~~~~~~~~~[m[K
[2.771s] [01m[K/home/ph/ros2_firstw/src/cpp_parameter_event_handler/src/parameter_event_handler.cpp:25:5:[m[K [01;31m[Kerror: [m[Kâ€˜[01m[Kcb_handle_[m[Kâ€™ was not declared in this scope; did you mean â€˜[01m[Ksa_handler[m[Kâ€™?
[2.772s]    25 |     [01;31m[Kcb_handle_[m[K = param_subscriber_->add_parameter_callback("an_int_param", cb);
[2.772s]       |     [01;31m[K^~~~~~~~~~[m[K
[2.772s]       |     [32m[Ksa_handler[m[K
[2.772s] [01m[K/home/ph/ros2_firstw/src/cpp_parameter_event_handler/src/parameter_event_handler.cpp:[m[K At global scope:
[2.772s] [01m[K/home/ph/ros2_firstw/src/cpp_parameter_event_handler/src/parameter_event_handler.cpp:41:1:[m[K [01;31m[Kerror: [m[Kexpected unqualified-id before â€˜[01m[Kprivate[m[Kâ€™
[2.773s]    41 | [01;31m[Kprivate[m[K:
[2.773s]       | [01;31m[K^~~~~~~[m[K
[2.773s] [01m[K/home/ph/ros2_firstw/src/cpp_parameter_event_handler/src/parameter_event_handler.cpp:45:1:[m[K [01;31m[Kerror: [m[Kexpected declaration before â€˜[01m[K}[m[Kâ€™ token
[2.773s]    45 | [01;31m[K}[m[K;
[2.773s]       | [01;31m[K^[m[K
[2.773s] [01m[K/home/ph/ros2_firstw/src/cpp_parameter_event_handler/src/parameter_event_handler.cpp:48:1:[m[K [01;31m[Kerror: [m[Kexpected declaration before â€˜[01m[K}[m[Kâ€™ token
[2.774s]    48 | [01;31m[K}[m[K;
[2.774s]       | [01;31m[K^[m[K
[5.325s] gmake[2]: *** [CMakeFiles/parameter_event_handler.dir/build.make:76: CMakeFiles/parameter_event_handler.dir/src/parameter_event_handler.cpp.o] Error 1
[5.325s] gmake[1]: *** [CMakeFiles/Makefile2:137: CMakeFiles/parameter_event_handler.dir/all] Error 2
[5.326s] gmake: *** [Makefile:146: all] Error 2
[5.332s] Invoked command in '/home/ph/ros2_firstw/build/cpp_parameter_event_handler' returned '2': CMAKE_PREFIX_PATH=${CMAKE_PREFIX_PATH}:/opt/ros/humble /usr/bin/cmake --build /home/ph/ros2_firstw/build/cpp_parameter_event_handler -- -j8 -l8
