[0.013s] Invoking command in '/home/ph/ros2_firstw/build/firstpkg': /usr/bin/cmake --build /home/ph/ros2_firstw/build/firstpkg -- -j8 -l8
[0.052s] -- Found ament_cmake: 1.3.12 (/opt/ros/humble/share/ament_cmake/cmake)
[0.216s] Traceback (most recent call last):
[0.216s]   File "/opt/ros/humble/share/ament_cmake_core/cmake/package_templates/templates_2_cmake.py", line 21, in <module>
[0.216s]     from ament_package.templates import get_environment_hook_template_path
[0.217s] ModuleNotFoundError: No module named 'ament_package'
[0.232s] [31mCMake Error at /opt/ros/humble/share/ament_cmake_core/cmake/ament_cmake_package_templates-extras.cmake:41 (message):
[0.232s]   execute_process(/usr/bin/python3
[0.232s]   /opt/ros/humble/share/ament_cmake_core/cmake/package_templates/templates_2_cmake.py
[0.232s]   /home/ph/ros2_firstw/build/firstpkg/ament_cmake_package_templates/templates.cmake)
[0.232s]   returned error code 1
[0.232s] Call Stack (most recent call first):
[0.233s]   /opt/ros/humble/share/ament_cmake_core/cmake/ament_cmake_coreConfig.cmake:41 (include)
[0.233s]   /opt/ros/humble/share/ament_cmake/cmake/ament_cmake_export_dependencies-extras.cmake:15 (find_package)
[0.233s]   /opt/ros/humble/share/ament_cmake/cmake/ament_cmakeConfig.cmake:41 (include)
[0.233s]   CMakeLists.txt:9 (find_package)
[0.233s] 
[0.233s] [0m
[0.234s] -- Configuring incomplete, errors occurred!
[0.234s] See also "/home/ph/ros2_firstw/build/firstpkg/CMakeFiles/CMakeOutput.log".
[0.238s] gmake: *** [Makefile:267: cmake_check_build_system] Error 1
[0.243s] Invoked command in '/home/ph/ros2_firstw/build/firstpkg' returned '2': /usr/bin/cmake --build /home/ph/ros2_firstw/build/firstpkg -- -j8 -l8
