[35m[1mConsolidate compiler generated dependencies of target parameter_event_handler[0m
[ 50%] [32mBuilding CXX object CMakeFiles/parameter_event_handler.dir/src/parameter_event_handler.cpp.o[0m
[01m[K/home/ph/ros2_firstw/src/cpp_parameter_event_handler/src/parameter_event_handler.cpp:30:1:[m[K [01;31m[Kerror: [m[Knon-static data member declared with placeholder â€˜[01m[Kauto[m[Kâ€™
   30 | [01;31m[Kauto[m[K cb2 = [this](const rclcpp::Parameter & p) {
      | [01;31m[K^~~~[m[K
[01m[K/home/ph/ros2_firstw/src/cpp_parameter_event_handler/src/parameter_event_handler.cpp:37:1:[m[K [01;31m[Kerror: [m[Knon-static data member declared with placeholder â€˜[01m[Kauto[m[Kâ€™
   37 | [01;31m[Kauto[m[K remote_node_name = std::string("parameter_blackboard");
      | [01;31m[K^~~~[m[K
[01m[K/home/ph/ros2_firstw/src/cpp_parameter_event_handler/src/parameter_event_handler.cpp:38:1:[m[K [01;31m[Kerror: [m[Knon-static data member declared with placeholder â€˜[01m[Kauto[m[Kâ€™
   38 | [01;31m[Kauto[m[K remote_param_name = std::string("a_double_param");
      | [01;31m[K^~~~[m[K
[01m[K/home/ph/ros2_firstw/src/cpp_parameter_event_handler/src/parameter_event_handler.cpp:39:1:[m[K [01;31m[Kerror: [m[Kâ€˜[01m[Kcb_handle2_[m[Kâ€™ does not name a type
   39 | [01;31m[Kcb_handle2_[m[K = param_subscriber_->add_parameter_callback(remote_param_name, cb2, remote_node_name);
      | [01;31m[K^~~~~~~~~~~[m[K
[01m[K/home/ph/ros2_firstw/src/cpp_parameter_event_handler/src/parameter_event_handler.cpp:48:1:[m[K [01;31m[Kerror: [m[Kexpected declaration before â€˜[01m[K}[m[Kâ€™ token
   48 | [01;31m[K}[m[K;
      | [01;31m[K^[m[K
gmake[2]: *** [CMakeFiles/parameter_event_handler.dir/build.make:76: CMakeFiles/parameter_event_handler.dir/src/parameter_event_handler.cpp.o] Error 1
gmake[1]: *** [CMakeFiles/Makefile2:137: CMakeFiles/parameter_event_handler.dir/all] Error 2
gmake: *** [Makefile:146: all] Error 2
