[0.017s] Invoking command in '/home/ph/ros2_firstw/build/cpp_parameter_event_handler': CMAKE_PREFIX_PATH=${CMAKE_PREFIX_PATH}:/opt/ros/humble /usr/bin/cmake --build /home/ph/ros2_firstw/build/cpp_parameter_event_handler -- -j8 -l8
[0.092s] [35m[1mConsolidate compiler generated dependencies of target parameter_event_handler[0m
[0.118s] [ 50%] [32mBuilding CXX object CMakeFiles/parameter_event_handler.dir/src/parameter_event_handler.cpp.o[0m
[2.770s] [01m[K/home/ph/ros2_firstw/src/cpp_parameter_event_handler/src/parameter_event_handler.cpp:30:1:[m[K [01;31m[Kerror: [m[Knon-static data member declared with placeholder â€˜[01m[Kauto[m[Kâ€™
[2.770s]    30 | [01;31m[Kauto[m[K cb2 = [this](const rclcpp::Parameter & p) {
[2.770s]       | [01;31m[K^~~~[m[K
[2.770s] [01m[K/home/ph/ros2_firstw/src/cpp_parameter_event_handler/src/parameter_event_handler.cpp:37:1:[m[K [01;31m[Kerror: [m[Knon-static data member declared with placeholder â€˜[01m[Kauto[m[Kâ€™
[2.770s]    37 | [01;31m[Kauto[m[K remote_node_name = std::string("parameter_blackboard");
[2.770s]       | [01;31m[K^~~~[m[K
[2.771s] [01m[K/home/ph/ros2_firstw/src/cpp_parameter_event_handler/src/parameter_event_handler.cpp:38:1:[m[K [01;31m[Kerror: [m[Knon-static data member declared with placeholder â€˜[01m[Kauto[m[Kâ€™
[2.771s]    38 | [01;31m[Kauto[m[K remote_param_name = std::string("a_double_param");
[2.771s]       | [01;31m[K^~~~[m[K
[2.771s] [01m[K/home/ph/ros2_firstw/src/cpp_parameter_event_handler/src/parameter_event_handler.cpp:39:1:[m[K [01;31m[Kerror: [m[Kâ€˜[01m[Kcb_handle2_[m[Kâ€™ does not name a type
[2.771s]    39 | [01;31m[Kcb_handle2_[m[K = param_subscriber_->add_parameter_callback(remote_param_name, cb2, remote_node_name);
[2.772s]       | [01;31m[K^~~~~~~~~~~[m[K
[2.780s] [01m[K/home/ph/ros2_firstw/src/cpp_parameter_event_handler/src/parameter_event_handler.cpp:48:1:[m[K [01;31m[Kerror: [m[Kexpected declaration before â€˜[01m[K}[m[Kâ€™ token
[2.780s]    48 | [01;31m[K}[m[K;
[2.780s]       | [01;31m[K^[m[K
[5.554s] gmake[2]: *** [CMakeFiles/parameter_event_handler.dir/build.make:76: CMakeFiles/parameter_event_handler.dir/src/parameter_event_handler.cpp.o] Error 1
[5.554s] gmake[1]: *** [CMakeFiles/Makefile2:137: CMakeFiles/parameter_event_handler.dir/all] Error 2
[5.555s] gmake: *** [Makefile:146: all] Error 2
[5.559s] Invoked command in '/home/ph/ros2_firstw/build/cpp_parameter_event_handler' returned '2': CMAKE_PREFIX_PATH=${CMAKE_PREFIX_PATH}:/opt/ros/humble /usr/bin/cmake --build /home/ph/ros2_firstw/build/cpp_parameter_event_handler -- -j8 -l8
