[01m[K/home/ph/ros2_firstw/src/cpp_parameter_event_handler/src/parameter_event_handler.cpp:[m[K In constructor â€˜[01m[KSampleNodeWithParameters::SampleNodeWithParameters()[m[Kâ€™:
[01m[K/home/ph/ros2_firstw/src/cpp_parameter_event_handler/src/parameter_event_handler.cpp:52:5:[m[K [01;31m[Kerror: [m[Kâ€˜[01m[Kevent_cb_handle_[m[Kâ€™ was not declared in this scope; did you mean â€˜[01m[Kcb_handle_[m[Kâ€™?
   52 |     [01;31m[Kevent_cb_handle_[m[K = param_subscriber_->add_parameter_event_callback(event_cb);
      |     [01;31m[K^~~~~~~~~~~~~~~~[m[K
      |     [32m[Kcb_handle_[m[K
gmake[2]: *** [CMakeFiles/parameter_event_handler.dir/build.make:76: CMakeFiles/parameter_event_handler.dir/src/parameter_event_handler.cpp.o] Error 1
gmake[1]: *** [CMakeFiles/Makefile2:137: CMakeFiles/parameter_event_handler.dir/all] Error 2
gmake: *** [Makefile:146: all] Error 2
