[0.015s] Invoking command in '/home/ph/ros2_firstw/build/firstpkg': /usr/bin/cmake --build /home/ph/ros2_firstw/build/firstpkg -- -j8 -l8
[0.053s] -- Found ament_cmake: 1.3.12 (/opt/ros/humble/share/ament_cmake/cmake)
[0.208s] Traceback (most recent call last):
[0.209s]   File "/opt/ros/humble/share/ament_cmake_core/cmake/package_templates/templates_2_cmake.py", line 21, in <module>
[0.209s]     from ament_package.templates import get_environment_hook_template_path
[0.209s] ModuleNotFoundError: No module named 'ament_package'
[0.224s] [31mCMake Error at /opt/ros/humble/share/ament_cmake_core/cmake/ament_cmake_package_templates-extras.cmake:41 (message):
[0.224s]   execute_process(/usr/bin/python3
[0.224s]   /opt/ros/humble/share/ament_cmake_core/cmake/package_templates/templates_2_cmake.py
[0.224s]   /home/ph/ros2_firstw/build/firstpkg/ament_cmake_package_templates/templates.cmake)
[0.224s]   returned error code 1
[0.224s] Call Stack (most recent call first):
[0.224s]   /opt/ros/humble/share/ament_cmake_core/cmake/ament_cmake_coreConfig.cmake:41 (include)
[0.225s]   /opt/ros/humble/share/ament_cmake/cmake/ament_cmake_export_dependencies-extras.cmake:15 (find_package)
[0.225s]   /opt/ros/humble/share/ament_cmake/cmake/ament_cmakeConfig.cmake:41 (include)
[0.225s]   CMakeLists.txt:9 (find_package)
[0.225s] 
[0.225s] [0m
[0.225s] -- Configuring incomplete, errors occurred!
[0.226s] See also "/home/ph/ros2_firstw/build/firstpkg/CMakeFiles/CMakeOutput.log".
[0.231s] gmake: *** [Makefile:267: cmake_check_build_system] Error 1
[0.236s] Invoked command in '/home/ph/ros2_firstw/build/firstpkg' returned '2': /usr/bin/cmake --build /home/ph/ros2_firstw/build/firstpkg -- -j8 -l8
