[0.042s] Invoking command in '/home/ph/ros2_firstw/build/nnnode': CMAKE_PREFIX_PATH=${CMAKE_PREFIX_PATH}:/opt/ros/humble /usr/bin/cmake --build /home/ph/ros2_firstw/build/nnnode -- -j8 -l8
[0.160s] [35m[1mConsolidate compiler generated dependencies of target simple_node[0m
[0.278s] [ 50%] [32mBuilding CXX object CMakeFiles/simple_node.dir/src/nnnode.cpp.o[0m
[3.821s] [01m[K/home/ph/ros2_firstw/src/nnnode/src/nnnode.cpp:19:32:[m[K [01;31m[Kerror: [m[Kâ€˜[01m[Krclcpp_lifecycle[m[Kâ€™ has not been declared
[3.821s]    19 | ifecycleTalker : public [01;31m[Krclcpp_lifecycle[m[K::LifecycleNode
[3.821s]       |                         [01;31m[K^~~~~~~~~~~~~~~~[m[K
[3.822s] 
[3.822s] [01m[K/home/ph/ros2_firstw/src/nnnode/src/nnnode.cpp:19:50:[m[K [01;31m[Kerror: [m[Kexpected â€˜[01m[K{[m[Kâ€™ before â€˜[01m[KLifecycleNode[m[Kâ€™
[3.822s]    19 | ublic rclcpp_lifecycle::[01;31m[KLifecycleNode[m[K
[3.822s]       |                         [01;31m[K^~~~~~~~~~~~~[m[K
[3.822s] 
[3.823s] [01m[K/home/ph/ros2_firstw/src/nnnode/src/nnnode.cpp:21:1:[m[K [01;31m[Kerror: [m[Kexpected primary-expression before â€˜[01m[Kpublic[m[Kâ€™
[3.823s]    21 | [01;31m[Kpublic[m[K:
[3.823s]       | [01;31m[K^~~~~~[m[K
[3.823s] [01m[K/home/ph/ros2_firstw/src/nnnode/src/nnnode.cpp:21:1:[m[K [01;31m[Kerror: [m[Kexpected â€˜[01m[K}[m[Kâ€™ before â€˜[01m[Kpublic[m[Kâ€™
[3.823s] [01m[K/home/ph/ros2_firstw/src/nnnode/src/nnnode.cpp:20:1:[m[K [01;36m[Knote: [m[Kto match this â€˜[01m[K{[m[Kâ€™
[3.824s]    20 | [01;36m[K{[m[K
[3.824s]       | [01;36m[K^[m[K
[3.824s] [01m[K/home/ph/ros2_firstw/src/nnnode/src/nnnode.cpp:26:1:[m[K [01;31m[Kerror: [m[Kexpected declaration before â€˜[01m[K}[m[Kâ€™ token
[3.824s]    26 | [01;31m[K}[m[K
[3.824s]       | [01;31m[K^[m[K
[3.828s] [01m[K/home/ph/ros2_firstw/src/nnnode/src/nnnode.cpp:[m[K In function â€˜[01m[Kint main(int, char**)[m[Kâ€™:
[3.828s] [01m[K/home/ph/ros2_firstw/src/nnnode/src/nnnode.cpp:37:20:[m[K [01;31m[Kerror: [m[Kinvalid use of incomplete type â€˜[01m[Kusing element_type = class LifecycleTalker[m[Kâ€™ {aka â€˜[01m[Kclass LifecycleTalker[m[Kâ€™}
[3.828s]    37 |   node_info(lc_node[01;31m[K->[m[Kget_node_base_interface(),lc_node->get_node_logging_interface());
[3.828s]       |                    [01;31m[K^~[m[K
[3.828s] [01m[K/home/ph/ros2_firstw/src/nnnode/src/nnnode.cpp:19:7:[m[K [01;36m[Knote: [m[Kforward declaration of â€˜[01m[Kusing element_type = class LifecycleTalker[m[Kâ€™ {aka â€˜[01m[Kclass LifecycleTalker[m[Kâ€™}
[3.829s]    19 | class [01;36m[KLifecycleTalker[m[K : public rclcpp_lifecycle::LifecycleNode
[3.829s]       |       [01;36m[K^~~~~~~~~~~~~~~[m[K
[3.829s] [01m[K/home/ph/ros2_firstw/src/nnnode/src/nnnode.cpp:37:55:[m[K [01;31m[Kerror: [m[Kinvalid use of incomplete type â€˜[01m[Kusing element_type = class LifecycleTalker[m[Kâ€™ {aka â€˜[01m[Kclass LifecycleTalker[m[Kâ€™}
[3.829s]    37 | base_interface(),lc_node[01;31m[K->[m[Kget_node_logging_interface());
[3.829s]       |                         [01;31m[K^~[m[K
[3.830s] 
[3.830s] [01m[K/home/ph/ros2_firstw/src/nnnode/src/nnnode.cpp:19:7:[m[K [01;36m[Knote: [m[Kforward declaration of â€˜[01m[Kusing element_type = class LifecycleTalker[m[Kâ€™ {aka â€˜[01m[Kclass LifecycleTalker[m[Kâ€™}
[3.830s]    19 | class [01;36m[KLifecycleTalker[m[K : public rclcpp_lifecycle::LifecycleNode
[3.830s]       |       [01;36m[K^~~~~~~~~~~~~~~[m[K
[4.206s] In file included from [01m[K/usr/include/c++/11/bits/shared_ptr_base.h:60[m[K,
[4.206s]                  from [01m[K/usr/include/c++/11/bits/shared_ptr.h:53[m[K,
[4.206s]                  from [01m[K/usr/include/c++/11/memory:77[m[K,
[4.207s]                  from [01m[K/home/ph/ros2_firstw/src/nnnode/src/nnnode.cpp:1[m[K:
[4.207s] /usr/include/c++/11/ext/aligned_buffer.h: In instantiation of â€˜[01m[Kstruct __gnu_cxx::__aligned_buffer<LifecycleTalker>[m[Kâ€™:
[4.207s] [01m[K/usr/include/c++/11/bits/shared_ptr_base.h:506:35:[m[K   required from â€˜[01m[Kclass std::_Sp_counted_ptr_inplace<LifecycleTalker, std::allocator<LifecycleTalker>, __gnu_cxx::_S_atomic>::_Impl[m[Kâ€™
[4.207s] [01m[K/usr/include/c++/11/bits/shared_ptr_base.h:567:13:[m[K   required from â€˜[01m[Kclass std::_Sp_counted_ptr_inplace<LifecycleTalker, std::allocator<LifecycleTalker>, __gnu_cxx::_S_atomic>[m[Kâ€™
[4.207s] [01m[K/usr/include/c++/11/bits/shared_ptr_base.h:647:43:[m[K   required from â€˜[01m[Kstd::__shared_count<_Lp>::__shared_count(_Tp*&, std::_Sp_alloc_shared_tag<_Alloc>, _Args&& ...) [with _Tp = LifecycleTalker; _Alloc = std::allocator<LifecycleTalker>; _Args = {const char (&)[22]}; __gnu_cxx::_Lock_policy _Lp = __gnu_cxx::_S_atomic][m[Kâ€™
[4.207s] [01m[K/usr/include/c++/11/bits/shared_ptr_base.h:1342:14:[m[K   required from â€˜[01m[Kstd::__shared_ptr<_Tp, _Lp>::__shared_ptr(std::_Sp_alloc_shared_tag<_Tp>, _Args&& ...) [with _Alloc = std::allocator<LifecycleTalker>; _Args = {const char (&)[22]}; _Tp = LifecycleTalker; __gnu_cxx::_Lock_policy _Lp = __gnu_cxx::_S_atomic][m[Kâ€™
[4.208s] [01m[K/usr/include/c++/11/bits/shared_ptr.h:409:59:[m[K   required from â€˜[01m[Kstd::shared_ptr<_Tp>::shared_ptr(std::_Sp_alloc_shared_tag<_Tp>, _Args&& ...) [with _Alloc = std::allocator<LifecycleTalker>; _Args = {const char (&)[22]}; _Tp = LifecycleTalker][m[Kâ€™
[4.208s] [01m[K/usr/include/c++/11/bits/shared_ptr.h:862:14:[m[K   required from â€˜[01m[Kstd::shared_ptr<_Tp> std::allocate_shared(const _Alloc&, _Args&& ...) [with _Tp = LifecycleTalker; _Alloc = std::allocator<LifecycleTalker>; _Args = {const char (&)[22]}][m[Kâ€™
[4.208s] [01m[K/usr/include/c++/11/bits/shared_ptr.h:878:39:[m[K   required from â€˜[01m[Kstd::shared_ptr<_Tp> std::make_shared(_Args&& ...) [with _Tp = LifecycleTalker; _Args = {const char (&)[22]}][m[Kâ€™
[4.208s] [01m[K/home/ph/ros2_firstw/src/nnnode/src/nnnode.cpp:35:51:[m[K   required from here
[4.208s] [01m[K/usr/include/c++/11/ext/aligned_buffer.h:91:28:[m[K [01;31m[Kerror: [m[Kinvalid application of â€˜[01m[Ksizeof[m[Kâ€™ to incomplete type â€˜[01m[KLifecycleTalker[m[Kâ€™
[4.209s]    91 |  : std::aligned_storage<[01;31m[Ksizeof(_Tp)[m[K, __alignof__(_Tp)>
[4.209s]       |                         [01;31m[K^~~~~~~~~~~[m[K
[4.209s] 
[4.209s] [01m[K/usr/include/c++/11/ext/aligned_buffer.h:91:28:[m[K [01;31m[Kerror: [m[Kinvalid application of â€˜[01m[Ksizeof[m[Kâ€™ to incomplete type â€˜[01m[KLifecycleTalker[m[Kâ€™
[4.361s] gmake[2]: *** [CMakeFiles/simple_node.dir/build.make:76: CMakeFiles/simple_node.dir/src/nnnode.cpp.o] Error 1
[4.362s] gmake[1]: *** [CMakeFiles/Makefile2:137: CMakeFiles/simple_node.dir/all] Error 2
[4.363s] gmake: *** [Makefile:146: all] Error 2
[4.369s] Invoked command in '/home/ph/ros2_firstw/build/nnnode' returned '2': CMAKE_PREFIX_PATH=${CMAKE_PREFIX_PATH}:/opt/ros/humble /usr/bin/cmake --build /home/ph/ros2_firstw/build/nnnode -- -j8 -l8
